c:\users\саша\documents\аисд 2курс\avl_tree\avl_tree\debug\vc142.pdb
c:\users\саша\documents\аисд 2курс\avl_tree\avl_tree\debug\vc142.idb
c:\users\саша\documents\аисд 2курс\avl_tree\avl_tree\debug\main.obj
c:\users\саша\documents\аисд 2курс\avl_tree\avl_tree\debug\avl.obj
c:\users\саша\documents\аисд 2курс\avl_tree\debug\avl_tree.pdb
c:\users\саша\documents\аисд 2курс\avl_tree\avl_tree\debug\avl_tree.tlog\cl.command.1.tlog
c:\users\саша\documents\аисд 2курс\avl_tree\avl_tree\debug\avl_tree.tlog\cl.read.1.tlog
c:\users\саша\documents\аисд 2курс\avl_tree\avl_tree\debug\avl_tree.tlog\cl.write.1.tlog
c:\users\саша\documents\аисд 2курс\avl_tree\avl_tree\debug\avl_tree.tlog\link-cvtres.read.1.tlog
c:\users\саша\documents\аисд 2курс\avl_tree\avl_tree\debug\avl_tree.tlog\link-cvtres.write.1.tlog
c:\users\саша\documents\аисд 2курс\avl_tree\avl_tree\debug\avl_tree.tlog\link-rc.read.1.tlog
c:\users\саша\documents\аисд 2курс\avl_tree\avl_tree\debug\avl_tree.tlog\link-rc.write.1.tlog
c:\users\саша\documents\аисд 2курс\avl_tree\avl_tree\debug\avl_tree.tlog\link.10100-cvtres.read.1.tlog
c:\users\саша\documents\аисд 2курс\avl_tree\avl_tree\debug\avl_tree.tlog\link.10100-cvtres.write.1.tlog
c:\users\саша\documents\аисд 2курс\avl_tree\avl_tree\debug\avl_tree.tlog\link.10100-rc.read.1.tlog
c:\users\саша\documents\аисд 2курс\avl_tree\avl_tree\debug\avl_tree.tlog\link.10100-rc.write.1.tlog
c:\users\саша\documents\аисд 2курс\avl_tree\avl_tree\debug\avl_tree.tlog\link.10100.read.1.tlog
c:\users\саша\documents\аисд 2курс\avl_tree\avl_tree\debug\avl_tree.tlog\link.10100.write.1.tlog
c:\users\саша\documents\аисд 2курс\avl_tree\avl_tree\debug\avl_tree.tlog\link.command.1.tlog
c:\users\саша\documents\аисд 2курс\avl_tree\avl_tree\debug\avl_tree.tlog\link.read.1.tlog
c:\users\саша\documents\аисд 2курс\avl_tree\avl_tree\debug\avl_tree.tlog\link.write.1.tlog
